<?xml version="1.0" encoding="UTF-8"?>
<!-- Generated by org.testng.reporters.JUnitReportReporter -->
<testsuite skipped="0" hostname="LAPTOP-O8LOFOM6" name="com.intra.Demo" tests="1" failures="0" timestamp="2024-01-29T01:19:45 IST" time="2.369" errors="0">
  <testcase name="m1" time="2.369" classname="com.intra.Demo"/>
  <system-out/>
</testsuite> <!-- com.intra.Demo -->
